C51 COMPILER V9.00   MAIN                                                                  05/24/2011 20:52:59 PAGE 1   


C51 COMPILER V9.00, COMPILATION OF MODULE MAIN
OBJECT MODULE PLACED IN main.OBJ
COMPILER INVOKED BY: D:\Program Files\Keil4\C51\BIN\C51.EXE main.c LARGE BROWSE DEBUG OBJECTEXTEND

line level    source

   1          /************************************************************
   2          程序说明：
   3          本程序实现彩信发送
   4          1.我们的程序全部都是通过单片机串口2与SIM300通讯，串口1用于下载程序和观察SIM300返回的数据
   5          （串口2收到的SIM300返回的数据会通过串口1发送到电脑中，用于观察数据），使用过程中，如果没
   6          有特殊要求跳线帽不用变动。
   7          2.在开发板上放入您的手机卡，接好天线，打开电源，接入耳机。
   8          3.把程序编译后下载到单片机中，使用STC―ISP下载，具体请参照教程。
   9          
  10          4.按键4检测网络是否连接上服务商网络,当出现服务商名字的时候才到下一步发送mms
  11          5.按键5发送一封彩信到特定手机。
  12          6.更加详细的操作查看看技术资料文件夹中的 SIM300_AN_MMS_V1.1.pdf
  13          
  14          关于图片的代码获取方法：
  15          请打开光盘中的调试工具文件夹，找到sscom32.exe，将需要的图片通过软件的打开文件按钮打开，hex显示选上
  16          ，在该软件的接收区内会显示该图片的十六进制代码，然后复制出来，不过此时是十六进制代码，keil要识别hex
  17          代码还要在每个代码的前面加上0X，如原来是 FF 38 46 ...  要改为：0XFF,0X38,0X46...,粘贴到keil上组成数组
  18          就可以了。不过
  19          
  20          *************************************************************/
  21          
  22          
  23          
  24          
  25          
  26          #include "stc12c5a.h"
  27          #include "systerm.h"
  28          #include "gprs.h"
  29          #include "timer.h"
  30          #include "picture.h"
  31          
  32          uint i = 0;
  33          
  34          void main()
  35          {
  36   1      
  37   1      //  调整输入函数的加载值可以改变串口波特率
  38   1      //      Uart1Init(0,1,184);//初始化串口，设置波特率4800
  39   1      //      Uart2Init(0,1,220);//初始化串口，设置波特率9600
  40   1      //      Uart2Init(0,1,232);//初始化串口，设置波特率14400
  41   1      //      Uart1Init(0,1,253);//初始化串口，设置波特率115200
  42   1      
  43   1      
  44   1              Timer0Init();
  45   1              Uart1Init(0,1,220);//初始化串口，设置波特率9600
  46   1              Uart2Init(0,1,220);//初始化串口，设置波特率9600
  47   1      
  48   1      
  49   1      //启动Sim300要按下复位键大概3秒钟
  50   1              GPRS_RST = 0;//Sim300 复位键拉低
  51   1              DelaySec(3);//延时3秒
  52   1              GPRS_RST = 1;//Sim300 复位键拉高
  53   1              //Sim300启动完成
  54   1      
  55   1              LED5_OFF;
C51 COMPILER V9.00   MAIN                                                                  05/24/2011 20:52:59 PAGE 2   

  56   1              LED6_OFF;
  57   1              LED7_OFF;
  58   1              LED8_OFF;
  59   1      
  60   1              while(1)
  61   1              {
  62   2                      if(KEY4_PRESS)//按键4发送指令查询当前服务状态
  63   2                      {
  64   3                              while(KEY4_PRESS)
  65   3                              {
  66   4                                      LED8_ON;        
  67   4                              }
  68   3                              LED8_OFF;
  69   3                              Uart2Sends("at+cops?\r");//发送指令查询当前服务状态                             
  70   3                      }
  71   2      
  72   2                      if(KEY5_PRESS)//按键5发送指令拨打10086电话号码
  73   2                      {
  74   3                              while(KEY5_PRESS)
  75   3                              {
  76   4                                      LED7_ON;        
  77   4                              }
  78   3                              LED7_OFF;
  79   3                              Uart2Sends("at+cmmscurl=\"mmsc.monterner.com\"\r");     //设置URL
  80   3                              DelaySec(1);
  81   3                              Uart2Sends("at+cmmsnetcfg=1,\"cmwap\"\r");//设置APN
  82   3                              DelaySec(1);
  83   3                              Uart2Sends("at+cmmsproto=1,\"10.0.0.172\",80\r");//设置mms协议属性                      
  84   3                              DelaySec(1);
  85   3                              Uart2Sends("at+cmmssendcfg=6,3,0,0,2,4\r");//设置mms的发送参数                  
  86   3                              DelaySec(1);
  87   3                              Uart2Sends("AT+CGATT?\r");//查询该模块是否支持mms
  88   3                              DelaySec(1);
  89   3                              Uart2Sends("AT+CMMSEDIT=0\r");//关闭编辑状态，这样在模块的buff区的数据将被删除                                          
  90   3                              DelaySec(1);
  91   3                              Uart2Sends("AT+CMMSEDIT=1\r");//打开编辑状态，这个状态才可以发送mms                     
  92   3                              DelaySec(1);
  93   3                              Uart2Sends("at+cmmsdown=\"pic\",4051,100000\r");//设置发送的图片的大小(byte)和需要用来传输的时间100000m
             -s，4051这个数字从sscom32.exe得到的，打开图片的时候显示在最上面                
  94   3                              DelaySec(1);
  95   3                              i = 0;
  96   3                              while(i<sizeof(hua))//发送图片的数据给模块，该数据用sscom32.exe得到，该软件在调试工具文件夹中
  97   3                              {
  98   4                                      Uart2Send(hua[i]);
  99   4                                      i++;    
 100   4                              }
 101   3                              Uart2Sends("\r");//结束符号
 102   3                              DelaySec(2);
 103   3                              Uart2Sends("at+cmmsdown=\"title\",3,30000\r");//设置发送的mms的名字，大小，时间         
 104   3                              DelaySec(1);
 105   3                              Uart2Sends("hua");//发送名字，hua                       
 106   3                              DelaySec(1);
 107   3                              Uart2Sends("at+cmmsdown=\"text\",5,30000\r");//设置发送的mms的文本内容，小于1000bytes                   
 108   3                              DelaySec(1);
 109   3                              Uart2Sends("ilove");//发送文本内容                      
 110   3                              DelaySec(1);
 111   3                              Uart2Sends("at+cmmsrecp=\"15296811486\"\r");//发送的号码，自己修改                      
 112   3                              DelaySec(1);
 113   3                              Uart2Sends("at+cmmsview\r");//查看发送的内容是否已经存入模块
 114   3                              DelaySec(1);
 115   3                              Uart2Sends("at+cmmssend\r");//发送mms                   
 116   3                              DelaySec(7);
C51 COMPILER V9.00   MAIN                                                                  05/24/2011 20:52:59 PAGE 3   

 117   3      //                      Uart2Sends("at+cmmssave\r");//保存mms到模块，模块只能保存两个mms                        
 118   3      //                      DelaySec(1);
 119   3                              Uart2Sends("AT+CMMSEDIT=0\r");//关闭编辑状态                    
 120   3                              DelaySec(1);            
 121   3                                                                                                      
 122   3                      }
 123   2      
 124   2      
 125   2              }
 126   1              
 127   1      }
 128          


MODULE INFORMATION:   STATIC OVERLAYABLE
   CODE SIZE        =    367    ----
   CONSTANT SIZE    =   4373    ----
   XDATA SIZE       =      2    ----
   PDATA SIZE       =   ----    ----
   DATA SIZE        =   ----    ----
   IDATA SIZE       =   ----    ----
   BIT SIZE         =   ----    ----
END OF MODULE INFORMATION.


C51 COMPILATION COMPLETE.  0 WARNING(S),  0 ERROR(S)
