C51 COMPILER V9.00   TIMER                                                                 05/24/2011 20:52:59 PAGE 1   


C51 COMPILER V9.00, COMPILATION OF MODULE TIMER
OBJECT MODULE PLACED IN timer.OBJ
COMPILER INVOKED BY: D:\Program Files\Keil4\C51\BIN\C51.EXE timer.c LARGE BROWSE DEBUG OBJECTEXTEND

line level    source

   1          #include "timer.h" 
   2          #include "stc12c5a.h"
   3          
   4          volatile unsigned char data timer0_cnt = 0;
   5          volatile int data sec_cnt = 0;
   6          
   7          void Timer0Init(void)
   8          {
   9   1      
  10   1              TMOD=0x01;                     //设置定时器0为工作方式1
  11   1              TH0=(65536-45872)/256;         //放入初值,11.0592M,50ms
  12   1              TL0=(65536-45872)%256;
  13   1      
  14   1              EA=1;                          //开总中断
  15   1              ET0=1;                        //开定时器0中断
  16   1          TR0=1;                         //启动定时器0
  17   1      }
  18          
  19          
  20          void timer0() interrupt 1
  21          {
  22   1              TH0=(65536-45872)/256;
  23   1              TL0=(65536-45872)%256;
  24   1      
  25   1              timer0_cnt++;
  26   1      
  27   1              if(timer0_cnt == 20)
  28   1              {
  29   2                      timer0_cnt = 0;
  30   2                      sec_cnt++;
  31   2              }
  32   1                      
  33   1      }
  34          
  35          void DelaySec(unsigned char sec)
  36          {
  37   1              sec_cnt = 0;
  38   1              while(sec_cnt < sec);           
  39   1      }
  40          
  41          


MODULE INFORMATION:   STATIC OVERLAYABLE
   CODE SIZE        =     69    ----
   CONSTANT SIZE    =   ----    ----
   XDATA SIZE       =   ----    ----
   PDATA SIZE       =   ----    ----
   DATA SIZE        =      3    ----
   IDATA SIZE       =   ----    ----
   BIT SIZE         =   ----    ----
END OF MODULE INFORMATION.


C51 COMPILATION COMPLETE.  0 WARNING(S),  0 ERROR(S)
